0 info it worked if it ends with ok
1 verbose cli [ '/usr/bin/node', '/usr/bin/npm', 'run', 'tsc' ]
2 info using npm@3.5.2
3 info using node@v8.10.0
4 verbose run-script [ 'pretsc', 'tsc', 'posttsc' ]
5 info lifecycle zaiko@0.0.1~pretsc: zaiko@0.0.1
6 silly lifecycle zaiko@0.0.1~pretsc: no script for pretsc, continuing
7 info lifecycle zaiko@0.0.1~tsc: zaiko@0.0.1
8 verbose lifecycle zaiko@0.0.1~tsc: unsafe-perm in lifecycle true
9 verbose lifecycle zaiko@0.0.1~tsc: PATH: /usr/share/npm/bin/node-gyp-bin:/home/source/github/zaiko/node_modules/.bin:/home/source/bin:/usr/local/sbin:/usr/local/bin:/usr/sbin:/usr/bin:/sbin:/bin:/usr/games:/usr/local/games:/snap/bin:/home/source/bin
10 verbose lifecycle zaiko@0.0.1~tsc: CWD: /home/source/github/zaiko
11 silly lifecycle zaiko@0.0.1~tsc: Args: [ '-c', 'tsc' ]
12 silly lifecycle zaiko@0.0.1~tsc: Returned: code: 2  signal: null
13 info lifecycle zaiko@0.0.1~tsc: Failed to exec tsc script
14 verbose stack Error: zaiko@0.0.1 tsc: `tsc`
14 verbose stack Exit status 2
14 verbose stack     at EventEmitter.<anonymous> (/usr/share/npm/lib/utils/lifecycle.js:232:16)
14 verbose stack     at emitTwo (events.js:126:13)
14 verbose stack     at EventEmitter.emit (events.js:214:7)
14 verbose stack     at ChildProcess.<anonymous> (/usr/share/npm/lib/utils/spawn.js:24:14)
14 verbose stack     at emitTwo (events.js:126:13)
14 verbose stack     at ChildProcess.emit (events.js:214:7)
14 verbose stack     at maybeClose (internal/child_process.js:925:16)
14 verbose stack     at Process.ChildProcess._handle.onexit (internal/child_process.js:209:5)
15 verbose pkgid zaiko@0.0.1
16 verbose cwd /home/source/github/zaiko
17 error Linux 4.15.0-70-generic
18 error argv "/usr/bin/node" "/usr/bin/npm" "run" "tsc"
19 error node v8.10.0
20 error npm  v3.5.2
21 error code ELIFECYCLE
22 error zaiko@0.0.1 tsc: `tsc`
22 error Exit status 2
23 error Failed at the zaiko@0.0.1 tsc script 'tsc'.
23 error Make sure you have the latest version of node.js and npm installed.
23 error If you do, this is most likely a problem with the zaiko package,
23 error not with npm itself.
23 error Tell the author that this fails on your system:
23 error     tsc
23 error You can get information on how to open an issue for this project with:
23 error     npm bugs zaiko
23 error Or if that isn't available, you can get their info via:
23 error     npm owner ls zaiko
23 error There is likely additional logging output above.
24 verbose exit [ 1, true ]
